<?xml version="1.0" encoding="UTF-8"?>
<testng-results skipped="0" failed="2" total="5" passed="3">
  <reporter-output>
  </reporter-output>
  <suite name="Default suite" duration-ms="104023" started-at="2018-11-30T10:28:53Z" finished-at="2018-11-30T10:30:37Z">
    <groups>
    </groups>
    <test name="Default test" duration-ms="104023" started-at="2018-11-30T10:28:53Z" finished-at="2018-11-30T10:30:37Z">
      <class name="com.MavenSelenium.product.google.GoogleHome">
        <test-method status="PASS" signature="searchResultInGoogle()[pri:0, instance:com.MavenSelenium.product.google.GoogleHome@26653222]" name="searchResultInGoogle" duration-ms="18" started-at="2018-11-30T15:58:53Z" finished-at="2018-11-30T15:58:53Z">
          <reporter-output>
          </reporter-output>
        </test-method> <!-- searchResultInGoogle -->
        <test-method status="PASS" signature="searchStringInGoogle()[pri:0, instance:com.MavenSelenium.product.google.GoogleHome@26653222]" name="searchStringInGoogle" duration-ms="3" started-at="2018-11-30T15:58:53Z" finished-at="2018-11-30T15:58:53Z">
          <reporter-output>
          </reporter-output>
        </test-method> <!-- searchStringInGoogle -->
        <test-method status="FAIL" signature="testingFirefoxScript()[pri:0, instance:com.MavenSelenium.product.google.GoogleHome@26653222]" name="testingFirefoxScript" duration-ms="36225" started-at="2018-11-30T15:58:53Z" finished-at="2018-11-30T15:59:29Z">
          <exception class="java.lang.AssertionError">
            <message>
              <![CDATA[Radical selenium tab not present   expected [true] but found [false]]]>
            </message>
            <full-stacktrace>
              <![CDATA[java.lang.AssertionError: Radical selenium tab not present   expected [true] but found [false]
	at org.testng.Assert.fail(Assert.java:94)
	at org.testng.Assert.failNotEquals(Assert.java:494)
	at org.testng.Assert.assertTrue(Assert.java:42)
	at com.MavenSelenium.product.google.GoogleHome.testingFirefoxScript(GoogleHome.java:64)
	at sun.reflect.NativeMethodAccessorImpl.invoke0(Native Method)
	at sun.reflect.NativeMethodAccessorImpl.invoke(Unknown Source)
	at sun.reflect.DelegatingMethodAccessorImpl.invoke(Unknown Source)
	at java.lang.reflect.Method.invoke(Unknown Source)
	at org.testng.internal.MethodInvocationHelper.invokeMethod(MethodInvocationHelper.java:84)
	at org.testng.internal.Invoker.invokeMethod(Invoker.java:714)
	at org.testng.internal.Invoker.invokeTestMethod(Invoker.java:901)
	at org.testng.internal.Invoker.invokeTestMethods(Invoker.java:1231)
	at org.testng.internal.TestMethodWorker.invokeTestMethods(TestMethodWorker.java:127)
	at org.testng.internal.TestMethodWorker.run(TestMethodWorker.java:111)
	at org.testng.TestRunner.privateRun(TestRunner.java:767)
	at org.testng.TestRunner.run(TestRunner.java:617)
	at org.testng.SuiteRunner.runTest(SuiteRunner.java:348)
	at org.testng.SuiteRunner.runSequentially(SuiteRunner.java:343)
	at org.testng.SuiteRunner.privateRun(SuiteRunner.java:305)
	at org.testng.SuiteRunner.run(SuiteRunner.java:254)
	at org.testng.SuiteRunnerWorker.runSuite(SuiteRunnerWorker.java:52)
	at org.testng.SuiteRunnerWorker.run(SuiteRunnerWorker.java:86)
	at org.testng.TestNG.runSuitesSequentially(TestNG.java:1224)
	at org.testng.TestNG.runSuitesLocally(TestNG.java:1149)
	at org.testng.TestNG.run(TestNG.java:1057)
	at org.testng.remote.AbstractRemoteTestNG.run(AbstractRemoteTestNG.java:114)
	at org.testng.remote.RemoteTestNG.initAndRun(RemoteTestNG.java:251)
	at org.testng.remote.RemoteTestNG.main(RemoteTestNG.java:77)
]]>
            </full-stacktrace>
          </exception> <!-- java.lang.AssertionError -->
          <reporter-output>
          </reporter-output>
        </test-method> <!-- testingFirefoxScript -->
      </class> <!-- com.MavenSelenium.product.google.GoogleHome -->
      <class name="com.MavenSelenium.product.google.BasicSeleniumScript">
        <test-method status="PASS" signature="testMethod()[pri:0, instance:com.MavenSelenium.product.google.BasicSeleniumScript@6a4f787b]" name="testMethod" duration-ms="23328" started-at="2018-11-30T15:59:29Z" finished-at="2018-11-30T15:59:52Z">
          <reporter-output>
          </reporter-output>
        </test-method> <!-- testMethod -->
        <test-method status="FAIL" signature="testingFirefoxScript()[pri:0, instance:com.MavenSelenium.product.google.BasicSeleniumScript@6a4f787b]" name="testingFirefoxScript" duration-ms="44387" started-at="2018-11-30T15:59:52Z" finished-at="2018-11-30T16:00:37Z">
          <exception class="java.lang.AssertionError">
            <message>
              <![CDATA[Radical selenium tab not present   expected [true] but found [false]]]>
            </message>
            <full-stacktrace>
              <![CDATA[java.lang.AssertionError: Radical selenium tab not present   expected [true] but found [false]
	at org.testng.Assert.fail(Assert.java:94)
	at org.testng.Assert.failNotEquals(Assert.java:494)
	at org.testng.Assert.assertTrue(Assert.java:42)
	at com.MavenSelenium.product.google.BasicSeleniumScript.testingFirefoxScript(BasicSeleniumScript.java:50)
	at sun.reflect.NativeMethodAccessorImpl.invoke0(Native Method)
	at sun.reflect.NativeMethodAccessorImpl.invoke(Unknown Source)
	at sun.reflect.DelegatingMethodAccessorImpl.invoke(Unknown Source)
	at java.lang.reflect.Method.invoke(Unknown Source)
	at org.testng.internal.MethodInvocationHelper.invokeMethod(MethodInvocationHelper.java:84)
	at org.testng.internal.Invoker.invokeMethod(Invoker.java:714)
	at org.testng.internal.Invoker.invokeTestMethod(Invoker.java:901)
	at org.testng.internal.Invoker.invokeTestMethods(Invoker.java:1231)
	at org.testng.internal.TestMethodWorker.invokeTestMethods(TestMethodWorker.java:127)
	at org.testng.internal.TestMethodWorker.run(TestMethodWorker.java:111)
	at org.testng.TestRunner.privateRun(TestRunner.java:767)
	at org.testng.TestRunner.run(TestRunner.java:617)
	at org.testng.SuiteRunner.runTest(SuiteRunner.java:348)
	at org.testng.SuiteRunner.runSequentially(SuiteRunner.java:343)
	at org.testng.SuiteRunner.privateRun(SuiteRunner.java:305)
	at org.testng.SuiteRunner.run(SuiteRunner.java:254)
	at org.testng.SuiteRunnerWorker.runSuite(SuiteRunnerWorker.java:52)
	at org.testng.SuiteRunnerWorker.run(SuiteRunnerWorker.java:86)
	at org.testng.TestNG.runSuitesSequentially(TestNG.java:1224)
	at org.testng.TestNG.runSuitesLocally(TestNG.java:1149)
	at org.testng.TestNG.run(TestNG.java:1057)
	at org.testng.remote.AbstractRemoteTestNG.run(AbstractRemoteTestNG.java:114)
	at org.testng.remote.RemoteTestNG.initAndRun(RemoteTestNG.java:251)
	at org.testng.remote.RemoteTestNG.main(RemoteTestNG.java:77)
]]>
            </full-stacktrace>
          </exception> <!-- java.lang.AssertionError -->
          <reporter-output>
          </reporter-output>
        </test-method> <!-- testingFirefoxScript -->
      </class> <!-- com.MavenSelenium.product.google.BasicSeleniumScript -->
    </test> <!-- Default test -->
  </suite> <!-- Default suite -->
</testng-results>
